<?xml version="1.0" encoding="utf-8"?><testsuites name="pytest tests"><testsuite name="pytest" errors="0" failures="0" skipped="0" tests="44" time="15.007" timestamp="2026-08-20T22:12:38.908152+00:00" hostname="agent-env-d9277e3c-fd66-433c-a135-38b47fc96407"><testcase classname="tests.backend_test.TestAuth" name="test_login_success" time="0.412" /><testcase classname="tests.backend_test.TestAuth" name="test_login_wrong_password" time="0.365" /><testcase classname="tests.backend_test.TestAuth" name="test_register_new_and_duplicate" time="0.696" /><testcase classname="tests.backend_test.TestAuth" name="test_me_requires_auth" time="0.360" /><testcase classname="tests.backend_test.TestAuth" name="test_bcrypt_hash_format" time="0.074" /><testcase classname="tests.backend_test.TestKhata" name="test_list_customers_requires_auth" time="0.129" /><testcase classname="tests.backend_test.TestKhata" name="test_create_customer_and_persist" time="0.640" /><testcase classname="tests.backend_test.TestKhata" name="test_credit_and_payment_updates_balance" time="0.397" /><testcase classname="tests.backend_test.TestKhata" name="test_cap_hard_block" time="0.082" /><testcase classname="tests.backend_test.TestKhata" name="test_cap_soft_warning" time="0.197" /><testcase classname="tests.backend_test.TestKhata" name="test_invalid_entry_inputs" time="0.229" /><testcase classname="tests.backend_test.TestKhata" name="test_update_customer_persists" time="0.155" /><testcase classname="tests.backend_test.TestKhata" name="test_update_missing_customer_404" time="0.079" /><testcase classname="tests.backend_test.TestKhata" name="test_aging_summary" time="0.085" /><testcase classname="tests.backend_test.TestKhata" name="test_send_reminder_mock_and_notification" time="0.227" /><testcase classname="tests.backend_test.TestKhata" name="test_overdue_check_job" time="0.075" /><testcase classname="tests.backend_test.TestKhata" name="test_delete_customers_cleanup" time="0.287" /><testcase classname="tests.backend_test.TestInventory" name="test_create_product" time="0.164" /><testcase classname="tests.backend_test.TestInventory" name="test_update_product_persists" time="0.159" /><testcase classname="tests.backend_test.TestInventory" name="test_low_stock_list" time="0.071" /><testcase classname="tests.backend_test.TestInventory" name="test_cash_sale_decrements_stock" time="0.225" /><testcase classname="tests.backend_test.TestInventory" name="test_credit_sale_creates_ledger_entry" time="0.284" /><testcase classname="tests.backend_test.TestInventory" name="test_credit_sale_without_customer_400" time="0.081" /><testcase classname="tests.backend_test.TestInventory" name="test_insufficient_stock_400" time="0.070" /><testcase classname="tests.backend_test.TestInventory" name="test_sale_unknown_product_404" time="0.066" /><testcase classname="tests.backend_test.TestInventory" name="test_stock_in_updates_and_creates" time="0.395" /><testcase classname="tests.backend_test.TestInventory" name="test_stock_in_cap_block" time="0.067" /><testcase classname="tests.backend_test.TestInventory" name="test_delete_product" time="0.168" /><testcase classname="tests.backend_test.TestOCR" name="test_ocr_bill_image" time="5.660" /><testcase classname="tests.backend_test.TestOCR" name="test_ocr_requires_auth" time="0.371" /><testcase classname="tests.backend_test.TestSuppliers" name="test_create_supplier" time="0.184" /><testcase classname="tests.backend_test.TestSuppliers" name="test_update_supplier" time="0.080" /><testcase classname="tests.backend_test.TestSuppliers" name="test_reorder_suggestions" time="0.158" /><testcase classname="tests.backend_test.TestSuppliers" name="test_po_lifecycle_increments_stock" time="0.381" /><testcase classname="tests.backend_test.TestSuppliers" name="test_po_invalid_status_and_supplier" time="0.149" /><testcase classname="tests.backend_test.TestSuppliers" name="test_cleanup" time="0.187" /><testcase classname="tests.backend_test.TestAnalytics" name="test_summary" time="0.075" /><testcase classname="tests.backend_test.TestAnalytics" name="test_sales_periods[daily]" time="0.095" /><testcase classname="tests.backend_test.TestAnalytics" name="test_sales_periods[weekly]" time="0.072" /><testcase classname="tests.backend_test.TestAnalytics" name="test_sales_periods[monthly]" time="0.070" /><testcase classname="tests.backend_test.TestAnalytics" name="test_top_items" time="0.087" /><testcase classname="tests.backend_test.TestCustomerPortal" name="test_otp_flow_and_khata" time="0.866" /><testcase classname="tests.backend_test.TestCustomerPortal" name="test_otp_unknown_phone_404" time="0.195" /><testcase classname="tests.backend_test.TestCustomerPortal" name="test_shopkeeper_token_cannot_access_customer_khata" time="0.096" /></testsuite></testsuites>