<?xml version="1.0" encoding="utf-8"?><testsuites name="pytest tests"><testsuite name="pytest" errors="0" failures="0" skipped="0" tests="11" time="2.116" timestamp="2026-08-20T22:44:40.680705+00:00" hostname="agent-env-d9277e3c-fd66-433c-a135-38b47fc96407"><testcase classname="tests.test_new_features.TestDigest" name="test_digest_requires_auth" time="0.167" /><testcase classname="tests.test_new_features.TestProductBarcode" name="test_existing_product_has_barcode" time="0.732" /><testcase classname="tests.test_new_features.TestProductBarcode" name="test_create_with_barcode_persists" time="0.112" /><testcase classname="tests.test_new_features.TestDigest" name="test_digest_shape" time="0.716" /><testcase classname="tests.test_new_features.TestProductBarcode" name="test_update_barcode_persists" time="0.164" /><testcase classname="tests.test_new_features.TestDigest" name="test_digest_seeded_yesterday_sale" time="0.117" /><testcase classname="tests.test_new_features.TestDigest" name="test_digest_reorder_matches_products" time="0.219" /><testcase classname="tests.test_new_features.TestProductBarcode" name="test_barcode_optional" time="0.064" /><testcase classname="tests.test_new_features.TestProductBarcode" name="test_zz_cleanup" time="0.143" /><testcase classname="tests.test_new_features.TestRegression" name="test_summary" time="0.081" /><testcase classname="tests.test_new_features.TestRegression" name="test_customer_crud_and_credit_entry" time="0.348" /></testsuite></testsuites>